Running: C:\Xilinx\14.7\ISE_DS\ISE\bin\nt64\unwrapped\fuse.exe -intstyle ise -incremental -lib unisims_ver -lib unimacro_ver -lib xilinxcorelib_ver -lib secureip -o C:/Users/lalo1_000/Desktop/Arquitecturas/Proyectofinal/caso_isim_beh.exe -prj C:/Users/lalo1_000/Desktop/Arquitecturas/Proyectofinal/caso_beh.prj work.caso work.glbl 
ISim P.20131013 (signature 0x7708f090)
Number of CPUs detected in this system: 2
Turning on mult-threading, number of parallel sub-compilation jobs: 4 
Determining compilation order of HDL files
Analyzing Verilog file "C:/Users/lalo1_000/Desktop/Arquitecturas/Proyectofinal/../sumador/sumador.v" into library work
Analyzing Verilog file "C:/Users/lalo1_000/Desktop/Arquitecturas/Proyectofinal/../sumador/memoria.v" into library work
Analyzing Verilog file "C:/Users/lalo1_000/Desktop/Arquitecturas/Proyectofinal/../sumador/contador.v" into library work
Analyzing Verilog file "C:/Users/lalo1_000/Desktop/Arquitecturas/Proyectofinal/registro.v" into library work
Analyzing Verilog file "C:/Users/lalo1_000/Desktop/Arquitecturas/Proyectofinal/muxp.v" into library work
Analyzing Verilog file "C:/Users/lalo1_000/Desktop/Arquitecturas/Proyectofinal/fms.v" into library work
Analyzing Verilog file "C:/Users/lalo1_000/Desktop/Arquitecturas/Proyectofinal/main.v" into library work
Analyzing Verilog file "C:/Users/lalo1_000/Desktop/Arquitecturas/Proyectofinal/caso.v" into library work
Analyzing Verilog file "C:/Xilinx/14.7/ISE_DS/ISE//verilog/src/glbl.v" into library work
Starting static elaboration
Completed static elaboration
Compiling module fms
Compiling module registro
Compiling module contador
Compiling module muxp
Compiling module sumador
Compiling module memoria
Compiling module main
Compiling module caso
Compiling module glbl
Time Resolution for simulation is 1ps.
Waiting for 6 sub-compilation(s) to finish...
Compiled 9 Verilog Units
Built simulation executable C:/Users/lalo1_000/Desktop/Arquitecturas/Proyectofinal/caso_isim_beh.exe
Fuse Memory Usage: 26392 KB
Fuse CPU Usage: 1718 ms
